<?xml version="1.0" encoding="UTF-8"?>
<!-- Generated by org.testng.reporters.JUnitReportReporter -->
<testsuite hostname="VM-HLand-QA01" name="com.ssp.regression.insurer.testscripts.US_1430" tests="1" failures="0" timestamp="12 Apr 2019 05:46:44 GMT" time="115.975" errors="0">
  <testcase name="TC_1430_6822" time="115.975" classname="com.ssp.regression.insurer.testscripts.US_1430"/>
</testsuite> <!-- com.ssp.regression.insurer.testscripts.US_1430 -->
