<?xml version="1.0" encoding="UTF-8"?>
<!-- Generated by org.testng.reporters.JUnitReportReporter -->
<testsuite hostname="VM-HLand-QA01" name="com.ssp.regression.insurer.testscripts.US_6453" tests="1" failures="0" timestamp="24 Apr 2019 09:53:30 GMT" time="379.211" errors="0">
  <testcase name="TC_6453_8659_01" time="379.211" classname="com.ssp.regression.insurer.testscripts.US_6453"/>
</testsuite> <!-- com.ssp.regression.insurer.testscripts.US_6453 -->
