<?xml version="1.0" encoding="UTF-8"?>
<!-- Generated by org.testng.reporters.JUnitReportReporter -->
<testsuite hostname="VM-HLand-QA01" name="com.ssp.regression.insurer.testscripts.US_4082" tests="2" failures="0" timestamp="12 Apr 2019 10:43:26 GMT" time="1250.687" errors="0">
  <testcase name="TC_4082_7647_1" time="627.316" classname="com.ssp.regression.insurer.testscripts.US_4082"/>
  <testcase name="TC_4082_7647" time="623.371" classname="com.ssp.regression.insurer.testscripts.US_4082"/>
</testsuite> <!-- com.ssp.regression.insurer.testscripts.US_4082 -->
